
> react-example@0.0.0 dev
> vite --host 127.0.0.1 --port 5173


  [32m[1mVITE[22m v6.4.2[39m  [2mready in [0m[1m518[22m[2m[0m ms[22m

  [32m➜[39m  [1mLocal[22m:   [36mhttp://127.0.0.1:[1m5173[22m/[39m
[2m19:12:48[22m [36m[1m[vite][22m[39m changed tsconfig file detected: C:/Users/Doukk/OneDrive/Bureau/prestige-jeux-main/prestige-jeux-main/tsconfig.json - Clearing cache and forcing full-reload to ensure TypeScript is compiled with updated config values.
[2m19:12:48[22m [36m[1m[vite][22m[39m [90m[2m(client)[22m[39m [32mpage reload [39m[2mtsconfig.json[22m
[2m19:13:06[22m [36m[1m[vite][22m[39m [90m[2m(client)[22m[39m [32mhmr update [39m[2m/src/context/LanguageContext.tsx, /src/index.css[22m
[2m19:13:06[22m [36m[1m[vite][22m[39m [90m[2m(client)[22m[39m [33mhmr invalidate [39m[2m/src/context/LanguageContext.tsx[22m Could not Fast Refresh ("useLanguage" export is incompatible). Learn more at https://github.com/vitejs/vite-plugin-react/tree/main/packages/plugin-react#consistent-components-exports
[2m19:13:06[22m [36m[1m[vite][22m[39m [90m[2m(client)[22m[39m [32mhmr update [39m[2m/src/App.tsx, /src/index.css, /src/pages/FAQ.tsx, /src/pages/Pricing.tsx, /src/pages/Gallery.tsx, /src/pages/About.tsx, /src/pages/Services.tsx, /src/pages/Menu.tsx, /src/pages/Reservation.tsx, /src/pages/Contact.tsx, /src/pages/Home.tsx, /@fs/C:\Users\Doukk\OneDrive\Bureau\prestige-jeux-main\prestige-jeux-main\src\components\Header.tsx, /@fs/C:\Users\Doukk\OneDrive\Bureau\prestige-jeux-main\prestige-jeux-main\src\components\Footer.tsx[22m
[2m19:14:41[22m [36m[1m[vite][22m[39m [90m[2m(client)[22m[39m [32mhmr update [39m[2m/src/pages/Home.tsx, /src/index.css[22m
[2m19:14:54[22m [36m[1m[vite][22m[39m [90m[2m(client)[22m[39m [32mhmr update [39m[2m/src/pages/Home.tsx, /src/index.css[22m
[2m19:15:09[22m [36m[1m[vite][22m[39m [90m[2m(client)[22m[39m [32mhmr update [39m[2m/src/pages/Home.tsx, /src/index.css[22m
[2m19:15:15[22m [36m[1m[vite][22m[39m [90m[2m(client)[22m[39m [32mhmr update [39m[2m/@fs/C:\Users\Doukk\OneDrive\Bureau\prestige-jeux-main\prestige-jeux-main\src\components\Header.tsx, /src/index.css[22m
[2m19:16:14[22m [36m[1m[vite][22m[39m [90m[2m(client)[22m[39m [32mhmr update [39m[2m/@fs/C:\Users\Doukk\OneDrive\Bureau\prestige-jeux-main\prestige-jeux-main\src\components\Header.tsx, /src/index.css[22m
[2m19:16:30[22m [36m[1m[vite][22m[39m [90m[2m(client)[22m[39m [32mhmr update [39m[2m/src/pages/Home.tsx, /src/index.css[22m
[2m19:16:36[22m [36m[1m[vite][22m[39m [90m[2m(client)[22m[39m [32mhmr update [39m[2m/src/index.css[22m
[2m19:16:49[22m [36m[1m[vite][22m[39m [90m[2m(client)[22m[39m [32mhmr update [39m[2m/@fs/C:\Users\Doukk\OneDrive\Bureau\prestige-jeux-main\prestige-jeux-main\src\components\Header.tsx, /src/index.css[22m
[2m19:17:07[22m [36m[1m[vite][22m[39m [90m[2m(client)[22m[39m [32mhmr update [39m[2m/src/index.css[22m
[2m19:21:05[22m [36m[1m[vite][22m[39m [90m[2m(client)[22m[39m [32mpage reload [39m[2mindex.html[22m
[2m19:21:13[22m [36m[1m[vite][22m[39m [90m[2m(client)[22m[39m [32mhmr update [39m[2m/src/pages/Home.tsx, /src/index.css[22m
[2m23:42:05[22m [36m[1m[vite][22m[39m [90m[2m(client)[22m[39m [32mhmr update [39m[2m/src/App.tsx, /src/index.css[22m
[2m23:42:43[22m [36m[1m[vite][22m[39m [90m[2m(client)[22m[39m [32mpage reload [39m[2mindex.html[22m
[2m23:43:03[22m [36m[1m[vite][22m[39m [90m[2m(client)[22m[39m [32mhmr update [39m[2m/src/pages/Home.tsx, /src/index.css[22m
[2m23:43:15[22m [36m[1m[vite][22m[39m [90m[2m(client)[22m[39m [32mhmr update [39m[2m/@fs/C:\Users\Doukk\OneDrive\Bureau\prestige-jeux-main\prestige-jeux-main\src\components\SEO.tsx, /src/index.css[22m
[2m23:43:54[22m [36m[1m[vite][22m[39m [90m[2m(client)[22m[39m [32mhmr update [39m[2m/@fs/C:\Users\Doukk\OneDrive\Bureau\prestige-jeux-main\prestige-jeux-main\src\components\SEO.tsx, /src/index.css[22m
[2m23:43:54[22m [36m[1m[vite][22m[39m [90m[2m(client)[22m[39m [32mpage reload [39m[2mindex.html[22m
[2m23:48:32[22m [36m[1m[vite][22m[39m [90m[2m(client)[22m[39m [32mpage reload [39m[2mREADME.md[22m
[2m23:50:51[22m [36m[1m[vite][22m[39m [90m[2m(client)[22m[39m [32mhmr update [39m[2m/src/pages/Gallery.tsx, /src/index.css[22m
[2m23:50:51[22m [36m[1m[vite][22m[39m [90m[2m(client)[22m[39m [32mhmr update [39m[2m/src/pages/Services.tsx, /src/index.css[22m
[2m23:51:49[22m [36m[1m[vite][22m[39m [90m[2m(client)[22m[39m [32mhmr update [39m[2m/src/pages/Home.tsx, /src/index.css[22m
[2m23:51:49[22m [36m[1m[vite][22m[39m [90m[2m(client)[22m[39m [32mhmr update [39m[2m/src/pages/About.tsx, /src/index.css[22m
[2m23:51:49[22m [36m[1m[vite][22m[39m [90m[2m(client)[22m[39m [32mhmr update [39m[2m/src/pages/Reservation.tsx, /src/index.css[22m
[2m23:51:49[22m [36m[1m[vite][22m[39m [90m[2m(client)[22m[39m [32mhmr update [39m[2m/src/pages/AdminLogin.tsx, /src/index.css[22m
[2m23:52:36[22m [36m[1m[vite][22m[39m [90m[2m(client)[22m[39m [32mhmr update [39m[2m/@fs/C:\Users\Doukk\OneDrive\Bureau\prestige-jeux-main\prestige-jeux-main\src\components\Header.tsx, /src/index.css[22m
[2m23:52:36[22m [36m[1m[vite][22m[39m [90m[2m(client)[22m[39m [32mhmr update [39m[2m/@fs/C:\Users\Doukk\OneDrive\Bureau\prestige-jeux-main\prestige-jeux-main\src\components\Footer.tsx, /src/index.css[22m
[2m23:58:04[22m [36m[1m[vite][22m[39m [90m[2m(client)[22m[39m [32mhmr update [39m[2m/@fs/C:\Users\Doukk\OneDrive\Bureau\prestige-jeux-main\prestige-jeux-main\src\components\PoolCueCursor.tsx, /src/index.css[22m
[2m00:01:11[22m [36m[1m[vite][22m[39m [90m[2m(client)[22m[39m [32mhmr update [39m[2m/src/index.css, /src/context/LanguageContext.tsx[22m
[2m00:01:11[22m [36m[1m[vite][22m[39m [90m[2m(client)[22m[39m [32mhmr update [39m[2m/src/index.css, /src/context/LanguageContext.tsx[22m
[2m00:01:11[22m [36m[1m[vite][22m[39m [90m[2m(client)[22m[39m [33mhmr invalidate [39m[2m/src/context/LanguageContext.tsx[22m Could not Fast Refresh ("useLanguage" export is incompatible). Learn more at https://github.com/vitejs/vite-plugin-react/tree/main/packages/plugin-react#consistent-components-exports
[2m00:01:11[22m [36m[1m[vite][22m[39m [90m[2m(client)[22m[39m [32mhmr update [39m[2m/src/App.tsx, /src/index.css, /src/pages/FAQ.tsx, /src/pages/Pricing.tsx, /src/pages/Gallery.tsx, /src/pages/About.tsx, /src/pages/Services.tsx, /src/pages/Menu.tsx, /src/pages/Reservation.tsx, /src/pages/Contact.tsx, /src/pages/Home.tsx, /@fs/C:\Users\Doukk\OneDrive\Bureau\prestige-jeux-main\prestige-jeux-main\src\components\Header.tsx, /@fs/C:\Users\Doukk\OneDrive\Bureau\prestige-jeux-main\prestige-jeux-main\src\components\Footer.tsx, /@fs/C:\Users\Doukk\OneDrive\Bureau\prestige-jeux-main\prestige-jeux-main\src\components\SEO.tsx[22m
[2m00:02:13[22m [36m[1m[vite][22m[39m [90m[2m(client)[22m[39m [32mhmr update [39m[2m/src/index.css, /src/context/LanguageContext.tsx[22m
[2m00:02:13[22m [36m[1m[vite][22m[39m [90m[2m(client)[22m[39m [32mhmr update [39m[2m/src/index.css, /src/context/LanguageContext.tsx[22m
[2m00:02:14[22m [36m[1m[vite][22m[39m [90m[2m(client)[22m[39m [33mhmr invalidate [39m[2m/src/context/LanguageContext.tsx[22m Could not Fast Refresh ("useLanguage" export is incompatible). Learn more at https://github.com/vitejs/vite-plugin-react/tree/main/packages/plugin-react#consistent-components-exports
[2m00:02:14[22m [36m[1m[vite][22m[39m [90m[2m(client)[22m[39m [32mhmr update [39m[2m/src/App.tsx, /src/index.css, /src/pages/FAQ.tsx, /src/pages/Pricing.tsx, /src/pages/Gallery.tsx, /src/pages/About.tsx, /src/pages/Services.tsx, /src/pages/Menu.tsx, /src/pages/Reservation.tsx, /src/pages/Contact.tsx, /src/pages/Home.tsx, /@fs/C:\Users\Doukk\OneDrive\Bureau\prestige-jeux-main\prestige-jeux-main\src\components\Header.tsx, /@fs/C:\Users\Doukk\OneDrive\Bureau\prestige-jeux-main\prestige-jeux-main\src\components\Footer.tsx, /@fs/C:\Users\Doukk\OneDrive\Bureau\prestige-jeux-main\prestige-jeux-main\src\components\SEO.tsx[22m
[2m00:04:43[22m [36m[1m[vite][22m[39m [90m[2m(client)[22m[39m [32mhmr update [39m[2m/src/App.tsx, /src/index.css[22m
[2m00:04:43[22m [36m[1m[vite][22m[39m [90m[2m(client)[22m[39m [32mhmr update [39m[2m/@fs/C:\Users\Doukk\OneDrive\Bureau\prestige-jeux-main\prestige-jeux-main\src\components\Header.tsx, /src/index.css[22m
[2m00:04:43[22m [36m[1m[vite][22m[39m [90m[2m(client)[22m[39m [32mhmr update [39m[2m/@fs/C:\Users\Doukk\OneDrive\Bureau\prestige-jeux-main\prestige-jeux-main\src\components\SEO.tsx, /src/index.css[22m
[2m00:04:43[22m [36m[1m[vite][22m[39m [90m[2m(client)[22m[39m [32mpage reload [39m[2mpublic/sitemap.xml[22m
[2m00:08:36[22m [36m[1m[vite][22m[39m [90m[2m(client)[22m[39m [32mhmr update [39m[2m/src/pages/Dashboard.tsx, /src/index.css[22m
[2m00:12:24[22m [36m[1m[vite][22m[39m [90m[2m(client)[22m[39m [32mhmr update [39m[2m/src/index.css, /src/context/LanguageContext.tsx[22m
[2m00:12:24[22m [36m[1m[vite][22m[39m [90m[2m(client)[22m[39m [32mhmr update [39m[2m/src/index.css, /src/context/LanguageContext.tsx[22m
[2m00:12:24[22m [36m[1m[vite][22m[39m [90m[2m(client)[22m[39m [32mhmr update [39m[2m/src/index.css, /src/context/LanguageContext.tsx[22m
[2m00:12:24[22m [36m[1m[vite][22m[39m [90m[2m(client)[22m[39m [32mhmr update [39m[2m/src/pages/Tournaments.tsx, /src/index.css[22m
[2m00:12:24[22m [36m[1m[vite][22m[39m [90m[2m(client)[22m[39m [33mhmr invalidate [39m[2m/src/context/LanguageContext.tsx[22m Could not Fast Refresh ("useLanguage" export is incompatible). Learn more at https://github.com/vitejs/vite-plugin-react/tree/main/packages/plugin-react#consistent-components-exports
[2m00:12:24[22m [36m[1m[vite][22m[39m [90m[2m(client)[22m[39m [32mhmr update [39m[2m/src/App.tsx, /src/index.css, /src/pages/FAQ.tsx, /src/pages/Pricing.tsx, /src/pages/Gallery.tsx, /src/pages/About.tsx, /src/pages/Services.tsx, /src/pages/Menu.tsx, /src/pages/Reservation.tsx, /src/pages/Contact.tsx, /src/pages/Home.tsx, /@fs/C:\Users\Doukk\OneDrive\Bureau\prestige-jeux-main\prestige-jeux-main\src\components\Header.tsx, /@fs/C:\Users\Doukk\OneDrive\Bureau\prestige-jeux-main\prestige-jeux-main\src\components\Footer.tsx, /@fs/C:\Users\Doukk\OneDrive\Bureau\prestige-jeux-main\prestige-jeux-main\src\components\SEO.tsx, /src/pages/Tournaments.tsx, /src/pages/Dashboard.tsx[22m
[2m00:15:06[22m [36m[1m[vite][22m[39m [90m[2m(client)[22m[39m [32mhmr update [39m[2m/src/index.css, /src/context/LanguageContext.tsx[22m
[2m00:15:06[22m [36m[1m[vite][22m[39m [90m[2m(client)[22m[39m [32mhmr update [39m[2m/src/index.css, /src/context/LanguageContext.tsx[22m
[2m00:15:06[22m [36m[1m[vite][22m[39m [90m[2m(client)[22m[39m [32mhmr update [39m[2m/src/pages/Tournaments.tsx, /src/index.css[22m
[2m00:15:06[22m [36m[1m[vite][22m[39m [90m[2m(client)[22m[39m [32mhmr update [39m[2m/src/pages/Dashboard.tsx, /src/index.css[22m
[2m00:15:06[22m [36m[1m[vite][22m[39m [90m[2m(client)[22m[39m [33mhmr invalidate [39m[2m/src/context/LanguageContext.tsx[22m Could not Fast Refresh ("useLanguage" export is incompatible). Learn more at https://github.com/vitejs/vite-plugin-react/tree/main/packages/plugin-react#consistent-components-exports
[2m00:15:06[22m [36m[1m[vite][22m[39m [90m[2m(client)[22m[39m [32mhmr update [39m[2m/src/App.tsx, /src/index.css, /src/pages/FAQ.tsx, /src/pages/Pricing.tsx, /src/pages/Gallery.tsx, /src/pages/About.tsx, /src/pages/Services.tsx, /src/pages/Menu.tsx, /src/pages/Reservation.tsx, /src/pages/Contact.tsx, /src/pages/Home.tsx, /@fs/C:\Users\Doukk\OneDrive\Bureau\prestige-jeux-main\prestige-jeux-main\src\components\Header.tsx, /@fs/C:\Users\Doukk\OneDrive\Bureau\prestige-jeux-main\prestige-jeux-main\src\components\Footer.tsx, /@fs/C:\Users\Doukk\OneDrive\Bureau\prestige-jeux-main\prestige-jeux-main\src\components\SEO.tsx, /src/pages/Tournaments.tsx, /src/pages/Dashboard.tsx[22m
[2m00:21:58[22m [36m[1m[vite][22m[39m [32mvite.config.ts changed, restarting server...[39m
[2m00:21:58[22m [36m[1m[vite][22m[39m [90m[2m(client)[22m[39m Re-optimizing dependencies because vite config has changed
[2m00:21:58[22m [36m[1m[vite][22m[39m server restarted.
[2m00:23:03[22m [36m[1m[vite][22m[39m [90m[2m(client)[22m[39m [32mhmr update [39m[2m/src/App.tsx, /src/index.css[22m
[2m00:25:43[22m [36m[1m[vite][22m[39m [90m[2m(client)[22m[39m [32mpage reload [39m[2mREADME.md[22m
[2m00:28:45[22m [36m[1m[vite][22m[39m [90m[2m(client)[22m[39m [32mpage reload [39m[2mindex.html[22m
[2m00:29:42[22m [36m[1m[vite][22m[39m [90m[2m(client)[22m[39m [32mhmr update [39m[2m/@fs/C:\Users\Doukk\OneDrive\Bureau\prestige-jeux-main\prestige-jeux-main\src\components\Header.tsx, /src/index.css[22m
[2m00:29:42[22m [36m[1m[vite][22m[39m [90m[2m(client)[22m[39m [32mhmr update [39m[2m/@fs/C:\Users\Doukk\OneDrive\Bureau\prestige-jeux-main\prestige-jeux-main\src\components\Footer.tsx, /src/index.css[22m
[2m00:30:54[22m [36m[1m[vite][22m[39m [90m[2m(client)[22m[39m [32mhmr update [39m[2m/src/pages/Home.tsx, /src/index.css[22m
[2m00:32:01[22m [36m[1m[vite][22m[39m [90m[2m(client)[22m[39m [32mhmr update [39m[2m/src/pages/About.tsx, /src/index.css[22m
[2m00:35:03[22m [36m[1m[vite][22m[39m [90m[2m(client)[22m[39m [32mhmr update [39m[2m/src/pages/AdminLogin.tsx, /src/index.css[22m
[2m00:35:03[22m [36m[1m[vite][22m[39m [90m[2m(client)[22m[39m [32mhmr update [39m[2m/src/pages/Reservation.tsx, /src/index.css[22m
[2m00:35:03[22m [36m[1m[vite][22m[39m [90m[2m(client)[22m[39m [32mhmr update [39m[2m/src/pages/Tournaments.tsx, /src/index.css[22m
[2m00:42:14[22m [36m[1m[vite][22m[39m [90m[2m(client)[22m[39m [32mpage reload [39m[2msrc/data/tournamentSchema.sql[22m
[2m00:42:24[22m [36m[1m[vite][22m[39m [90m[2m(client)[22m[39m [32mhmr update [39m[2m/src/pages/Gallery.tsx, /src/index.css[22m
[2m00:43:25[22m [36m[1m[vite][22m[39m [90m[2m(client)[22m[39m [32mhmr update [39m[2m/src/pages/Services.tsx, /src/index.css[22m
[2m00:44:20[22m [36m[1m[vite][22m[39m [90m[2m(client)[22m[39m [32mhmr update [39m[2m/src/components/SEO.tsx, /src/index.css[22m
