[33m[vite:css][postcss] @import must precede all other statements (besides @charset or empty @layer)
2418|    }
2419|  }
2420|  @import url('https://fonts.googleapis.com/css2?family=Cairo:wght@300;400;600;700&family=Inter:wght@300;400;500;600&family=Playfair+Display:ital,wght@0,400;0,700;1,400&display=swap');
   |  ^^^^^^^^^^^^^^^^^^^^^^^^^^^^^^^^^^^^^^^^^^^^^^^^^^^^^^^^^^^^^^^^^^^^^^^^^^^^^^^^^^^^^^^^^^^^^^^^^^^^^^^^^^^^^^^^^^^^^^^^^^^^^^^^^^^^^^^^^^^^^^^^^^^^^^^^^^^^^^^^^^^^^^^^^^^^^^^^^^^^^^
2421|  @keyframes float {
2422|    0%, 100% {[39m
[33m[vite:css][postcss] @import must precede all other statements (besides @charset or empty @layer)
2418|    }
2419|  }
2420|  @import url('https://fonts.googleapis.com/css2?family=Cairo:wght@300;400;600;700&family=Inter:wght@300;400;500;600&family=Playfair+Display:ital,wght@0,400;0,700;1,400&display=swap');
   |  ^^^^^^^^^^^^^^^^^^^^^^^^^^^^^^^^^^^^^^^^^^^^^^^^^^^^^^^^^^^^^^^^^^^^^^^^^^^^^^^^^^^^^^^^^^^^^^^^^^^^^^^^^^^^^^^^^^^^^^^^^^^^^^^^^^^^^^^^^^^^^^^^^^^^^^^^^^^^^^^^^^^^^^^^^^^^^^^^^^^^^^
2421|  @keyframes float {
2422|    0%, 100% {[39m
[33m[vite:css][postcss] @import must precede all other statements (besides @charset or empty @layer)
2418|    }
2419|  }
2420|  @import url('https://fonts.googleapis.com/css2?family=Cairo:wght@300;400;600;700&family=Inter:wght@300;400;500;600&family=Playfair+Display:ital,wght@0,400;0,700;1,400&display=swap');
   |  ^^^^^^^^^^^^^^^^^^^^^^^^^^^^^^^^^^^^^^^^^^^^^^^^^^^^^^^^^^^^^^^^^^^^^^^^^^^^^^^^^^^^^^^^^^^^^^^^^^^^^^^^^^^^^^^^^^^^^^^^^^^^^^^^^^^^^^^^^^^^^^^^^^^^^^^^^^^^^^^^^^^^^^^^^^^^^^^^^^^^^^
2421|  @keyframes float {
2422|    0%, 100% {[39m
[33m[vite:css][postcss] @import must precede all other statements (besides @charset or empty @layer)
2418|    }
2419|  }
2420|  @import url('https://fonts.googleapis.com/css2?family=Cairo:wght@300;400;600;700&family=Inter:wght@300;400;500;600&family=Playfair+Display:ital,wght@0,400;0,700;1,400&display=swap');
   |  ^^^^^^^^^^^^^^^^^^^^^^^^^^^^^^^^^^^^^^^^^^^^^^^^^^^^^^^^^^^^^^^^^^^^^^^^^^^^^^^^^^^^^^^^^^^^^^^^^^^^^^^^^^^^^^^^^^^^^^^^^^^^^^^^^^^^^^^^^^^^^^^^^^^^^^^^^^^^^^^^^^^^^^^^^^^^^^^^^^^^^^
2421|  @keyframes float {
2422|    0%, 100% {[39m
[33m[vite:css][postcss] @import must precede all other statements (besides @charset or empty @layer)
2437|    }
2438|  }
2439|  @import url('https://fonts.googleapis.com/css2?family=Cairo:wght@300;400;600;700&family=Inter:wght@300;400;500;600&family=Playfair+Display:ital,wght@0,400;0,700;1,400&display=swap');
   |  ^^^^^^^^^^^^^^^^^^^^^^^^^^^^^^^^^^^^^^^^^^^^^^^^^^^^^^^^^^^^^^^^^^^^^^^^^^^^^^^^^^^^^^^^^^^^^^^^^^^^^^^^^^^^^^^^^^^^^^^^^^^^^^^^^^^^^^^^^^^^^^^^^^^^^^^^^^^^^^^^^^^^^^^^^^^^^^^^^^^^^^
2440|  @keyframes float {
2441|    0%, 100% {[39m
[33m[vite:css][postcss] @import must precede all other statements (besides @charset or empty @layer)
2458|    }
2459|  }
2460|  @import url('https://fonts.googleapis.com/css2?family=Cairo:wght@300;400;600;700&family=Inter:wght@300;400;500;600&family=Playfair+Display:ital,wght@0,400;0,700;1,400&display=swap');
   |  ^^^^^^^^^^^^^^^^^^^^^^^^^^^^^^^^^^^^^^^^^^^^^^^^^^^^^^^^^^^^^^^^^^^^^^^^^^^^^^^^^^^^^^^^^^^^^^^^^^^^^^^^^^^^^^^^^^^^^^^^^^^^^^^^^^^^^^^^^^^^^^^^^^^^^^^^^^^^^^^^^^^^^^^^^^^^^^^^^^^^^^
2461|  @keyframes float {
2462|    0%, 100% {[39m
[33m[vite:css][postcss] @import must precede all other statements (besides @charset or empty @layer)
2464|    }
2465|  }
2466|  @import url('https://fonts.googleapis.com/css2?family=Cairo:wght@300;400;600;700&family=Inter:wght@300;400;500;600&family=Playfair+Display:ital,wght@0,400;0,700;1,400&display=swap');
   |  ^^^^^^^^^^^^^^^^^^^^^^^^^^^^^^^^^^^^^^^^^^^^^^^^^^^^^^^^^^^^^^^^^^^^^^^^^^^^^^^^^^^^^^^^^^^^^^^^^^^^^^^^^^^^^^^^^^^^^^^^^^^^^^^^^^^^^^^^^^^^^^^^^^^^^^^^^^^^^^^^^^^^^^^^^^^^^^^^^^^^^^
2467|  @keyframes float {
2468|    0%, 100% {[39m
[33m[vite:css][postcss] @import must precede all other statements (besides @charset or empty @layer)
2464|    }
2465|  }
2466|  @import url('https://fonts.googleapis.com/css2?family=Cairo:wght@300;400;600;700&family=Inter:wght@300;400;500;600&family=Playfair+Display:ital,wght@0,400;0,700;1,400&display=swap');
   |  ^^^^^^^^^^^^^^^^^^^^^^^^^^^^^^^^^^^^^^^^^^^^^^^^^^^^^^^^^^^^^^^^^^^^^^^^^^^^^^^^^^^^^^^^^^^^^^^^^^^^^^^^^^^^^^^^^^^^^^^^^^^^^^^^^^^^^^^^^^^^^^^^^^^^^^^^^^^^^^^^^^^^^^^^^^^^^^^^^^^^^^
2467|  @keyframes float {
2468|    0%, 100% {[39m
[33m[vite:css][postcss] @import must precede all other statements (besides @charset or empty @layer)
2464|    }
2465|  }
2466|  @import url('https://fonts.googleapis.com/css2?family=Cairo:wght@300;400;600;700&family=Inter:wght@300;400;500;600&family=Playfair+Display:ital,wght@0,400;0,700;1,400&display=swap');
   |  ^^^^^^^^^^^^^^^^^^^^^^^^^^^^^^^^^^^^^^^^^^^^^^^^^^^^^^^^^^^^^^^^^^^^^^^^^^^^^^^^^^^^^^^^^^^^^^^^^^^^^^^^^^^^^^^^^^^^^^^^^^^^^^^^^^^^^^^^^^^^^^^^^^^^^^^^^^^^^^^^^^^^^^^^^^^^^^^^^^^^^^
2467|  @keyframes float {
2468|    0%, 100% {[39m
[33m[vite:css][postcss] @import must precede all other statements (besides @charset or empty @layer)
2464|    }
2465|  }
2466|  @import url('https://fonts.googleapis.com/css2?family=Cairo:wght@300;400;600;700&family=Inter:wght@300;400;500;600&family=Playfair+Display:ital,wght@0,400;0,700;1,400&display=swap');
   |  ^^^^^^^^^^^^^^^^^^^^^^^^^^^^^^^^^^^^^^^^^^^^^^^^^^^^^^^^^^^^^^^^^^^^^^^^^^^^^^^^^^^^^^^^^^^^^^^^^^^^^^^^^^^^^^^^^^^^^^^^^^^^^^^^^^^^^^^^^^^^^^^^^^^^^^^^^^^^^^^^^^^^^^^^^^^^^^^^^^^^^^
2467|  @keyframes float {
2468|    0%, 100% {[39m
[33m[vite:css][postcss] @import must precede all other statements (besides @charset or empty @layer)
2464|    }
2465|  }
2466|  @import url('https://fonts.googleapis.com/css2?family=Cairo:wght@300;400;600;700&family=Inter:wght@300;400;500;600&family=Playfair+Display:ital,wght@0,400;0,700;1,400&display=swap');
   |  ^^^^^^^^^^^^^^^^^^^^^^^^^^^^^^^^^^^^^^^^^^^^^^^^^^^^^^^^^^^^^^^^^^^^^^^^^^^^^^^^^^^^^^^^^^^^^^^^^^^^^^^^^^^^^^^^^^^^^^^^^^^^^^^^^^^^^^^^^^^^^^^^^^^^^^^^^^^^^^^^^^^^^^^^^^^^^^^^^^^^^^
2467|  @keyframes float {
2468|    0%, 100% {[39m
[33m[vite:css][postcss] @import must precede all other statements (besides @charset or empty @layer)
2464|    }
2465|  }
2466|  @import url('https://fonts.googleapis.com/css2?family=Cairo:wght@300;400;600;700&family=Inter:wght@300;400;500;600&family=Playfair+Display:ital,wght@0,400;0,700;1,400&display=swap');
   |  ^^^^^^^^^^^^^^^^^^^^^^^^^^^^^^^^^^^^^^^^^^^^^^^^^^^^^^^^^^^^^^^^^^^^^^^^^^^^^^^^^^^^^^^^^^^^^^^^^^^^^^^^^^^^^^^^^^^^^^^^^^^^^^^^^^^^^^^^^^^^^^^^^^^^^^^^^^^^^^^^^^^^^^^^^^^^^^^^^^^^^^
2467|  @keyframes float {
2468|    0%, 100% {[39m
